2023-11-01 22:47:52,120 -  INFO - Watching for file changes with StatReloader
2023-11-01 22:48:21,815 -  INFO - Watching for file changes with StatReloader
2023-11-01 22:52:01,201 -  INFO - C:\Users\hp\Desktop\Qgis\python project\myproject\base\views.py changed, reloading.
2023-11-01 22:52:02,844 -  INFO - Watching for file changes with StatReloader
2023-11-01 22:53:26,095 -  INFO - C:\Users\hp\Desktop\Qgis\python project\myproject\base\views.py changed, reloading.
2023-11-01 22:53:27,653 -  INFO - Watching for file changes with StatReloader
2023-11-01 22:54:11,304 -  INFO - Invalid user shivanghpatel@gmail.com try to Login
2023-11-01 22:56:08,867 -  INFO - C:\Users\hp\Desktop\Qgis\python project\myproject\base\views.py changed, reloading.
2023-11-01 22:56:10,562 -  INFO - Watching for file changes with StatReloader
2023-11-01 22:56:57,309 -  INFO - C:\Users\hp\Desktop\Qgis\python project\myproject\base\views.py changed, reloading.
2023-11-01 22:56:58,932 -  INFO - Watching for file changes with StatReloader
2023-11-01 23:01:06,215 -  INFO - C:\Users\hp\Desktop\Qgis\python project\myproject\base\views.py changed, reloading.
2023-11-01 23:01:07,548 -  INFO - Watching for file changes with StatReloader
2023-11-01 23:01:15,668 -  INFO - Invalid user shivanghpatel@gmail.com try to Login
2023-11-01 23:01:27,773 -  INFO - Invalid user shivanghpatel@gmail.com try to Login
2023-11-01 23:01:53,583 -  INFO - C:\Users\hp\Desktop\Qgis\python project\myproject\base\views.py changed, reloading.
2023-11-01 23:01:55,181 -  INFO - Watching for file changes with StatReloader
2023-11-01 23:07:07,777 -  INFO - C:\Users\hp\Desktop\Qgis\python project\myproject\base\views.py changed, reloading.
2023-11-01 23:07:09,461 -  INFO - Watching for file changes with StatReloader
2023-11-01 23:07:48,958 -  INFO - C:\Users\hp\Desktop\Qgis\python project\myproject\base\views.py changed, reloading.
2023-11-01 23:07:50,447 -  INFO - Watching for file changes with StatReloader
2023-11-01 23:07:56,830 -  INFO - python@gmail.com has Logged out
2023-11-01 23:08:24,076 -  INFO - C:\Users\hp\Desktop\Qgis\python project\myproject\base\views.py changed, reloading.
2023-11-01 23:08:25,559 -  INFO - Watching for file changes with StatReloader
2023-11-02 07:17:14,346 -  INFO - Watching for file changes with StatReloader
2023-11-02 07:17:26,450 -  WARNING - Not Found: /favicon.ico
2023-11-02 07:18:44,810 -  INFO - Invalid user ap try to Login
2023-11-02 07:18:46,273 -  INFO - Invalid user ap try to Login
2023-11-02 07:19:03,762 -  INFO - Invalid user er.abp2003@gmail.com try to Login
2023-11-02 07:19:05,345 -  INFO - Invalid user ap try to Login
2023-11-02 07:20:33,494 -  INFO - Invalid user er.abprajapati2003@gmail.com try to Login
2023-11-02 07:21:03,441 -  INFO - Invalid user er.abprajapati2003@gmail.com try to Login
2023-11-02 07:21:09,339 -  INFO - Invalid user er.abprajapati2003@gmail.com try to Login
2023-11-02 07:21:16,150 -  INFO - Invalid user ap try to Login
2023-11-02 07:22:50,557 -  INFO - Invalid user er.abprajapati2003@gmail.com try to Login
2023-11-02 07:24:00,853 -  INFO - Invalid user er.abprajapati2003@gmail.com try to Login
2023-11-02 07:24:11,553 -  INFO - Invalid user er.abprajapati2003@gmail.com try to Login
2023-11-02 07:25:55,989 -  INFO - Invalid user ankit.pce21@sot.pdpu.ac.in try to Login
2023-11-02 07:30:46,883 -  WARNING - Not Found: /index1.html
2023-11-02 07:30:48,757 -  WARNING - Not Found: /index1.html
2023-11-02 07:30:50,631 -  WARNING - Not Found: /index1.html
2023-11-02 07:31:40,374 -  WARNING - Not Found: /index1.html
2023-11-02 07:31:44,634 -  WARNING - Not Found: /index1.html
2023-11-02 07:32:23,473 -  INFO - Watching for file changes with StatReloader
2023-11-02 07:32:35,793 -  WARNING - Not Found: /index.html
2023-11-02 07:33:15,817 -  WARNING - Not Found: /index.html
2023-11-02 09:06:13,542 -  INFO - Watching for file changes with StatReloader
2023-11-02 09:06:21,110 -  WARNING - Not Found: /favicon.ico
2023-11-02 09:06:44,008 -  INFO - python@gmail.com has Logged in
2023-11-02 09:09:40,617 -  INFO - python@gmail.com has Logged out
2023-11-02 09:09:47,372 -  INFO - python@gmail.com has Logged in
2023-11-02 09:17:06,004 -  INFO - python@gmail.com has Logged out
2023-11-02 09:17:54,230 -  INFO - Invalid user ankit try to Login
2023-11-02 09:18:08,904 -  INFO - ankit@gmail.com has Logged in
2023-11-02 09:18:50,531 -  INFO - ankit@gmail.com has Logged out
2023-11-02 09:18:57,111 -  INFO - ankit@gmail.com has Logged in
2023-11-02 09:18:58,884 -  INFO - ankit@gmail.com has Logged out
2023-11-02 09:23:40,027 -  INFO - ankit@gmail.com has Logged in
2023-11-02 09:38:13,514 -  INFO - ankit@gmail.com has Logged out
2023-11-02 09:40:41,244 -  INFO - smitpadshala7@gmail.com has Logged in
2023-11-02 09:45:05,306 -  INFO - smitpadshala7@gmail.com has Logged out
2023-11-02 09:46:26,233 -  INFO - ankit@gmail.com has Logged in
2023-11-02 09:50:42,688 -  INFO - ankit@gmail.com has Logged out
2023-11-02 10:18:08,786 -  INFO - Watching for file changes with StatReloader
2023-11-02 10:18:25,206 -  INFO - ankit@gmail.com has Logged in
